<?xml version="1.0" encoding="UTF-8"?>
<!-- Generated by org.testng.reporters.JUnitReportReporter -->
<testsuite hostname="DJ-AJ.local" failures="0" tests="1" name="TestNG.Tut" time="0.001" errors="0" timestamp="2023-10-06T13:39:34 NPT" skipped="0">
  <testcase classname="TestNG.Tut" name="Demo" time="0.001"/>
</testsuite> <!-- TestNG.Tut -->
