<?xml version="1.0" encoding="UTF-8"?>
<!-- Generated by org.testng.reporters.JUnitReportReporter -->
<testsuite hostname="DJ-AJ.local" failures="0" tests="3" name="TestNG.Tut1" time="0.000" errors="0" timestamp="2023-10-04T13:19:41 NPT" skipped="0">
  <testcase classname="TestNG.Tut1" name="goHome" time="0.000"/>
  <testcase classname="TestNG.Tut1" name="donotComeHome" time="0.000"/>
  <testcase classname="TestNG.Tut1" name="comeHome" time="0.000"/>
</testsuite> <!-- TestNG.Tut1 -->
